c:\users\guilh\desktop\codeatual\code\release\group12.ipdb
c:\users\guilh\desktop\codeatual\code\release\group12.iobj
c:\users\guilh\desktop\codeatual\code\source\assignment1\release\vc142.pdb
c:\users\guilh\desktop\codeatual\code\source\assignment1\release\main2.obj
c:\users\guilh\desktop\codeatual\code\source\assignment1\release\vec4d.obj
c:\users\guilh\desktop\codeatual\code\source\assignment1\release\vec3d.obj
c:\users\guilh\desktop\codeatual\code\source\assignment1\release\vec2d.obj
c:\users\guilh\desktop\codeatual\code\source\assignment1\release\shader.obj
c:\users\guilh\desktop\codeatual\code\source\assignment1\release\scene.obj
c:\users\guilh\desktop\codeatual\code\source\assignment1\release\renderer.obj
c:\users\guilh\desktop\codeatual\code\source\assignment1\release\quat.obj
c:\users\guilh\desktop\codeatual\code\source\assignment1\release\mesh.obj
c:\users\guilh\desktop\codeatual\code\source\assignment1\release\matrix4d.obj
c:\users\guilh\desktop\codeatual\code\source\assignment1\release\matrix3d.obj
c:\users\guilh\desktop\codeatual\code\source\assignment1\release\matrix2d.obj
c:\users\guilh\desktop\codeatual\code\source\assignment1\release\material.obj
c:\users\guilh\desktop\codeatual\code\source\assignment1\release\light.obj
c:\users\guilh\desktop\codeatual\code\source\assignment1\release\color.obj
c:\users\guilh\desktop\codeatual\code\source\assignment1\release\camera.obj
c:\users\guilh\desktop\codeatual\code\release\group12.exe
c:\users\guilh\desktop\codeatual\code\release\group12.pdb
c:\users\guilh\desktop\codeatual\code\source\assignment1\release\assignment1.res
c:\users\guilh\desktop\codeatual\code\source\..\release\group12.pdb
c:\users\guilh\desktop\codeatual\code\source\..\release\group12.exe
c:\users\guilh\desktop\codeatual\code\source\assignment1\release\assignment1.tlog\assignment1.write.1u.tlog
c:\users\guilh\desktop\codeatual\code\source\assignment1\release\assignment1.tlog\cl.command.1.tlog
c:\users\guilh\desktop\codeatual\code\source\assignment1\release\assignment1.tlog\cl.read.1.tlog
c:\users\guilh\desktop\codeatual\code\source\assignment1\release\assignment1.tlog\cl.write.1.tlog
c:\users\guilh\desktop\codeatual\code\source\assignment1\release\assignment1.tlog\link.command.1.tlog
c:\users\guilh\desktop\codeatual\code\source\assignment1\release\assignment1.tlog\link.read.1.tlog
c:\users\guilh\desktop\codeatual\code\source\assignment1\release\assignment1.tlog\link.write.1.tlog
c:\users\guilh\desktop\codeatual\code\source\assignment1\release\assignment1.tlog\rc.command.1.tlog
c:\users\guilh\desktop\codeatual\code\source\assignment1\release\assignment1.tlog\rc.read.1.tlog
c:\users\guilh\desktop\codeatual\code\source\assignment1\release\assignment1.tlog\rc.write.1.tlog
