c:\users\guilh\desktop\codeatual\code\source\assignment1\debug\vc142.pdb
c:\users\guilh\desktop\codeatual\code\source\assignment1\debug\vc142.idb
c:\users\guilh\desktop\codeatual\code\source\assignment1\debug\main2.obj
c:\users\guilh\desktop\codeatual\code\source\assignment1\debug\vec4d.obj
c:\users\guilh\desktop\codeatual\code\source\assignment1\debug\vec3d.obj
c:\users\guilh\desktop\codeatual\code\source\assignment1\debug\vec2d.obj
c:\users\guilh\desktop\codeatual\code\source\assignment1\debug\shader.obj
c:\users\guilh\desktop\codeatual\code\source\assignment1\debug\scene.obj
c:\users\guilh\desktop\codeatual\code\source\assignment1\debug\renderer.obj
c:\users\guilh\desktop\codeatual\code\source\assignment1\debug\quat.obj
c:\users\guilh\desktop\codeatual\code\source\assignment1\debug\mesh.obj
c:\users\guilh\desktop\codeatual\code\source\assignment1\debug\matrix4d.obj
c:\users\guilh\desktop\codeatual\code\source\assignment1\debug\matrix3d.obj
c:\users\guilh\desktop\codeatual\code\source\assignment1\debug\matrix2d.obj
c:\users\guilh\desktop\codeatual\code\source\assignment1\debug\material.obj
c:\users\guilh\desktop\codeatual\code\source\assignment1\debug\light.obj
c:\users\guilh\desktop\codeatual\code\source\assignment1\debug\color.obj
c:\users\guilh\desktop\codeatual\code\source\assignment1\debug\camera.obj
c:\users\guilh\desktop\codeatual\code\source\x64\debug\group12.exe
c:\users\guilh\desktop\codeatual\code\source\x64\debug\group12.ilk
c:\users\guilh\desktop\codeatual\code\source\x64\debug\group12.pdb
c:\users\guilh\desktop\codeatual\code\source\assignment1\debug\assignment1.res
c:\users\guilh\desktop\codeatual\code\source\assignment1\debug\assignment1.tlog\cl.command.1.tlog
c:\users\guilh\desktop\codeatual\code\source\assignment1\debug\assignment1.tlog\cl.read.1.tlog
c:\users\guilh\desktop\codeatual\code\source\assignment1\debug\assignment1.tlog\cl.write.1.tlog
c:\users\guilh\desktop\codeatual\code\source\assignment1\debug\assignment1.tlog\link.command.1.tlog
c:\users\guilh\desktop\codeatual\code\source\assignment1\debug\assignment1.tlog\link.read.1.tlog
c:\users\guilh\desktop\codeatual\code\source\assignment1\debug\assignment1.tlog\link.write.1.tlog
c:\users\guilh\desktop\codeatual\code\source\assignment1\debug\assignment1.tlog\rc.command.1.tlog
c:\users\guilh\desktop\codeatual\code\source\assignment1\debug\assignment1.tlog\rc.read.1.tlog
c:\users\guilh\desktop\codeatual\code\source\assignment1\debug\assignment1.tlog\rc.write.1.tlog
