c:\users\pedro\documents\universidade\4ºano\1ºsemestre\avt\projetonovo\openglvs\openglvs\x64\debug\vc142.pdb
c:\users\pedro\documents\universidade\4ºano\1ºsemestre\avt\projetonovo\openglvs\openglvs\x64\debug\vc142.idb
c:\users\pedro\documents\universidade\4ºano\1ºsemestre\avt\projetonovo\openglvs\openglvs\x64\debug\vector.obj
c:\users\pedro\documents\universidade\4ºano\1ºsemestre\avt\projetonovo\openglvs\openglvs\x64\debug\matrix.obj
c:\users\pedro\documents\universidade\4ºano\1ºsemestre\avt\projetonovo\openglvs\openglvs\x64\debug\main.obj
c:\users\pedro\documents\universidade\4ºano\1ºsemestre\avt\projetonovo\openglvs\openglvs\x64\debug\3-hello3dworld.obj
c:\users\pedro\documents\universidade\4ºano\1ºsemestre\avt\entrega6\openglvs\openglvs\x64\debug\vc142.pdb
c:\users\pedro\documents\universidade\4ºano\1ºsemestre\avt\entrega6\openglvs\openglvs\x64\debug\vc142.idb
c:\users\pedro\documents\universidade\4ºano\1ºsemestre\avt\entrega6\openglvs\openglvs\x64\debug\vector.obj
c:\users\pedro\documents\universidade\4ºano\1ºsemestre\avt\entrega6\openglvs\openglvs\x64\debug\quaternions.obj
c:\users\pedro\documents\universidade\4ºano\1ºsemestre\avt\entrega6\openglvs\openglvs\x64\debug\matrix.obj
c:\users\pedro\documents\universidade\4ºano\1ºsemestre\avt\entrega6\openglvs\openglvs\x64\debug\main.obj
c:\users\pedro\documents\universidade\4ºano\1ºsemestre\avt\entrega6\openglvs\openglvs\x64\debug\euler.obj
c:\users\pedro\documents\universidade\4ºano\1ºsemestre\avt\entrega6\openglvs\openglvs\x64\debug\scene.obj
c:\users\pedro\documents\universidade\4ºano\1ºsemestre\avt\entrega6\openglvs\openglvs\x64\debug\mesh.obj
c:\users\pedro\documents\universidade\4ºano\1ºsemestre\avt\entrega6\openglvs\openglvs\x64\debug\camera.obj
c:\users\pedro\documents\universidade\4ºano\1ºsemestre\avt\entrega6\openglvs\openglvs\x64\debug\7-scenemanager - handout.obj
c:\users\pedro\documents\universidade\4ºano\1ºsemestre\avt\entrega6\openglvs\openglvs\x64\debug\6-matrixstack - handout.obj
c:\users\pedro\documents\universidade\4ºano\1ºsemestre\avt\entrega6\openglvs\openglvs\x64\debug\5-obj_loader.obj
c:\users\marcj\onedrive\ambiente de trabalho\projentrega6\openglvs\openglvs\x64\debug\3-hello3dworld.obj
c:\users\marcj\onedrive\ambiente de trabalho\projentrega6\openglvs\openglvs\x64\debug\5-obj_loader.obj
c:\users\marcj\onedrive\ambiente de trabalho\projentrega6\openglvs\openglvs\x64\debug\6-matrixstack - handout.obj
c:\users\marcj\onedrive\ambiente de trabalho\projentrega6\openglvs\openglvs\x64\debug\7-scenemanager - handout.obj
c:\users\marcj\onedrive\ambiente de trabalho\projentrega6\openglvs\openglvs\x64\debug\camera.obj
c:\users\marcj\onedrive\ambiente de trabalho\projentrega6\openglvs\openglvs\x64\debug\euler.obj
c:\users\marcj\onedrive\ambiente de trabalho\projentrega6\openglvs\openglvs\x64\debug\main.obj
c:\users\marcj\onedrive\ambiente de trabalho\projentrega6\openglvs\openglvs\x64\debug\matrix.obj
c:\users\marcj\onedrive\ambiente de trabalho\projentrega6\openglvs\openglvs\x64\debug\mesh.obj
c:\users\marcj\onedrive\ambiente de trabalho\projentrega6\openglvs\openglvs\x64\debug\quaternions.obj
c:\users\marcj\onedrive\ambiente de trabalho\projentrega6\openglvs\openglvs\x64\debug\scene.obj
c:\users\marcj\onedrive\ambiente de trabalho\projentrega6\openglvs\openglvs\x64\debug\vector.obj
c:\users\marcj\onedrive\ambiente de trabalho\projentrega6\openglvs\openglvs\x64\debug\vc142.idb
c:\users\marcj\onedrive\ambiente de trabalho\projentrega6\openglvs\openglvs\x64\debug\vc142.pdb
c:\users\marcj\onedrive\ambiente de trabalho\projentrega6\openglvs\x64\debug\openglvs.pdb
c:\users\marcj\onedrive\ambiente de trabalho\projentrega6\openglvs\openglvs\x64\debug\openglvs.tlog\cl.command.1.tlog
c:\users\marcj\onedrive\ambiente de trabalho\projentrega6\openglvs\openglvs\x64\debug\openglvs.tlog\cl.read.1.tlog
c:\users\marcj\onedrive\ambiente de trabalho\projentrega6\openglvs\openglvs\x64\debug\openglvs.tlog\cl.write.1.tlog
c:\users\marcj\onedrive\ambiente de trabalho\projentrega6\openglvs\openglvs\x64\debug\openglvs.tlog\link-cvtres.read.1.tlog
c:\users\marcj\onedrive\ambiente de trabalho\projentrega6\openglvs\openglvs\x64\debug\openglvs.tlog\link-cvtres.write.1.tlog
c:\users\marcj\onedrive\ambiente de trabalho\projentrega6\openglvs\openglvs\x64\debug\openglvs.tlog\link-rc.read.1.tlog
c:\users\marcj\onedrive\ambiente de trabalho\projentrega6\openglvs\openglvs\x64\debug\openglvs.tlog\link-rc.write.1.tlog
c:\users\marcj\onedrive\ambiente de trabalho\projentrega6\openglvs\openglvs\x64\debug\openglvs.tlog\link.command.1.tlog
c:\users\marcj\onedrive\ambiente de trabalho\projentrega6\openglvs\openglvs\x64\debug\openglvs.tlog\link.read.1.tlog
c:\users\marcj\onedrive\ambiente de trabalho\projentrega6\openglvs\openglvs\x64\debug\openglvs.tlog\link.write.1.tlog
